<?xml version="1.0" encoding="UTF-8"?>
<testsuites name="New Test Suite1" time="8.927" tests="1" failures="0" errors="0">
   <testsuite name="New Test Suite1" tests="1" failures="0" errors="0" time="8.927" skipped="0" timestamp="05-02-2025T16:08:51" hostname="AshwiniJahagirdar - PQA-0667LT.home" id="Test Suites/New Test Suite1">
      <properties>
         <property name="deviceName" value=""/>
         <property name="devicePlatform"/>
         <property name="logFolder" value="C:\\Users\\AshwiniJahagirdar\\git\\MyKatalonStudioProject\\Reports\\20250205_160846\\New Test Suite1\\20250205_160846"/>
         <property name="logFiles" value="C:\\Users\\AshwiniJahagirdar\\git\\MyKatalonStudioProject\\Reports\\20250205_160846\\New Test Suite1\\20250205_160846\\execution0.log"/>
         <property name="attachments" value=""/>
         <property name="hostName" value="AshwiniJahagirdar - PQA-0667LT.home"/>
         <property name="os" value="Windows 10 64bit"/>
         <property name="katalonVersion" value="10.1.0.223"/>
         <property name="browser" value="Chrome 131.0.6778.265"/>
         <property name="hostAddress" value="192.168.2.18"/>
         <property name="sessionId" value="7812938d7397594f0bb4e316a25b816b"/>
         <property name="seleniumVersion" value="4.22.0"/>
         <property name="proxyInformation" value="ProxyInformation { proxyOption=NO_PROXY, proxyServerType=HTTP, username=, password=********, proxyServerAddress=, proxyServerPort=0, executionList=&quot;&quot;, isApplyToDesiredCapabilities=true }"/>
         <property name="platform" value="Windows 10"/>
      </properties>
      <testcase name="Test Cases/CICD Integration" time="8.747" classname="Test Cases/CICD Integration" status="PASSED">
         <system-out><![CDATA[05-02-2025T16:08:51 - [TEST_CASE][PASSED] - Test Cases/CICD Integration: Test Cases/CICD Integration

05-02-2025T16:08:51 - [TEST_STEP][PASSED] - openBrowser(""): Browser is opened with url: ''

05-02-2025T16:08:52 - [MESSAGE][INFO] - Starting 'Chrome' driver

05-02-2025T16:08:52 - [MESSAGE][INFO] - Action delay is set to 0 milliseconds

05-02-2025T16:08:54 - [MESSAGE][PASSED] - Browser is opened with url: ''

05-02-2025T16:08:54 - [TEST_STEP][PASSED] - navigateToUrl("https://opensource-demo.orangehrmlive.com/web/index.php/auth/login"): Navigate to 'https://opensource-demo.orangehrmlive.com/web/index.php/auth/login' successfully

05-02-2025T16:08:55 - [MESSAGE][PASSED] - Navigate to 'https://opensource-demo.orangehrmlive.com/web/index.php/auth/login' successfully

05-02-2025T16:08:55 - [TEST_STEP][PASSED] - setText(findTestObject("Page_OrangeHRM/input_Username_username"), "Admin"): Text 'Admin' is set on object 'Object Repository/Page_OrangeHRM/input_Username_username'

05-02-2025T16:08:56 - [MESSAGE][PASSED] - Text 'Admin' is set on object 'Object Repository/Page_OrangeHRM/input_Username_username'

05-02-2025T16:08:56 - [TEST_STEP][PASSED] - setEncryptedText(findTestObject("Page_OrangeHRM/input_Password_password"), "hUKwJTbofgPU9eVlw/CnDQ=="): Text ****** has been set on object 'Object Repository/Page_OrangeHRM/input_Password_password'

05-02-2025T16:08:56 - [MESSAGE][PASSED] - Text ****** has been set on object 'Object Repository/Page_OrangeHRM/input_Password_password'

05-02-2025T16:08:56 - [TEST_STEP][PASSED] - click(findTestObject("Page_OrangeHRM/button_Login")): Object: 'Object Repository/Page_OrangeHRM/button_Login' is clicked on

05-02-2025T16:08:57 - [MESSAGE][PASSED] - Object: 'Object Repository/Page_OrangeHRM/button_Login' is clicked on

05-02-2025T16:08:57 - [TEST_STEP][PASSED] - click(findTestObject("Object Repository/Page_OrangeHRM/a_Dashboard")): Object: 'Object Repository/Page_OrangeHRM/a_Dashboard' is clicked on

05-02-2025T16:08:59 - [MESSAGE][PASSED] - Object: 'Object Repository/Page_OrangeHRM/a_Dashboard' is clicked on

05-02-2025T16:08:59 - [TEST_STEP][PASSED] - verifyElementText(findTestObject("Object Repository/Page_OrangeHRM/h6_Dashboard"), "Dashboard"): Actual text and expected text of test object 'Object Repository/Page_OrangeHRM/h6_Dashboard' are matched.

05-02-2025T16:09:00 - [MESSAGE][PASSED] - Actual text and expected text of test object 'Object Repository/Page_OrangeHRM/h6_Dashboard' are matched.

05-02-2025T16:09:00 - [TEST_STEP][PASSED] - closeBrowser(): Browser is closed

05-02-2025T16:09:00 - [MESSAGE][PASSED] - Browser is closed]]></system-out>
         <system-err><![CDATA[]]></system-err>
      </testcase>
      <system-out><![CDATA[05-02-2025T16:08:51 - [TEST_SUITE][PASSED] - New Test Suite1: Test Cases/CICD Integration]]></system-out>
      <system-err><![CDATA[]]></system-err>
   </testsuite>
</testsuites>
